2025-01-05 17:42:36,970 - services.diagnostics.spectral_analysis - ERROR - [spectral_analysis.py:764] - Harmonic analysis failed: mean(): could not infer output dtype. Input dtype must be either a floating point or complex dtype. Got: Long
2025-01-05 17:42:36,975 - services.diagnostics.spectral_analysis - ERROR - [spectral_analysis.py:764] - Harmonic analysis failed: mean(): could not infer output dtype. Input dtype must be either a floating point or complex dtype. Got: Long
2025-01-05 17:42:36,982 - services.diagnostics.spectral_analysis - ERROR - [spectral_analysis.py:764] - Harmonic analysis failed: mean(): could not infer output dtype. Input dtype must be either a floating point or complex dtype. Got: Long
2025-01-05 17:42:36,989 - services.diagnostics.spectral_analysis - ERROR - [spectral_analysis.py:764] - Harmonic analysis failed: mean(): could not infer output dtype. Input dtype must be either a floating point or complex dtype. Got: Long
2025-01-05 17:42:37,497 - services.diagnostics.spectral_analysis - ERROR - [spectral_analysis.py:764] - Harmonic analysis failed: mean(): could not infer output dtype. Input dtype must be either a floating point or complex dtype. Got: Long
2025-01-05 17:42:37,506 - services.diagnostics.spectral_analysis - ERROR - [spectral_analysis.py:764] - Harmonic analysis failed: mean(): could not infer output dtype. Input dtype must be either a floating point or complex dtype. Got: Long
2025-01-05 17:42:37,514 - services.diagnostics.spectral_analysis - ERROR - [spectral_analysis.py:764] - Harmonic analysis failed: mean(): could not infer output dtype. Input dtype must be either a floating point or complex dtype. Got: Long
2025-01-05 17:42:37,523 - services.diagnostics.spectral_analysis - ERROR - [spectral_analysis.py:764] - Harmonic analysis failed: mean(): could not infer output dtype. Input dtype must be either a floating point or complex dtype. Got: Long
2025-01-05 17:43:28,584 - services.diagnostics.spectral_analysis - ERROR - [spectral_analysis.py:764] - Harmonic analysis failed: mean(): could not infer output dtype. Input dtype must be either a floating point or complex dtype. Got: Long
2025-01-05 17:43:28,591 - services.diagnostics.spectral_analysis - ERROR - [spectral_analysis.py:764] - Harmonic analysis failed: mean(): could not infer output dtype. Input dtype must be either a floating point or complex dtype. Got: Long
2025-01-05 17:43:28,597 - services.diagnostics.spectral_analysis - ERROR - [spectral_analysis.py:764] - Harmonic analysis failed: mean(): could not infer output dtype. Input dtype must be either a floating point or complex dtype. Got: Long
2025-01-05 17:43:28,603 - services.diagnostics.spectral_analysis - ERROR - [spectral_analysis.py:764] - Harmonic analysis failed: mean(): could not infer output dtype. Input dtype must be either a floating point or complex dtype. Got: Long
2025-01-05 18:10:07,667 - services.diagnostics.spectral_analysis - ERROR - [spectral_analysis.py:764] - Harmonic analysis failed: mean(): could not infer output dtype. Input dtype must be either a floating point or complex dtype. Got: Long
2025-01-05 18:10:07,677 - services.diagnostics.spectral_analysis - ERROR - [spectral_analysis.py:764] - Harmonic analysis failed: mean(): could not infer output dtype. Input dtype must be either a floating point or complex dtype. Got: Long
2025-01-05 18:10:07,687 - services.diagnostics.spectral_analysis - ERROR - [spectral_analysis.py:764] - Harmonic analysis failed: mean(): could not infer output dtype. Input dtype must be either a floating point or complex dtype. Got: Long
2025-01-05 18:10:07,697 - services.diagnostics.spectral_analysis - ERROR - [spectral_analysis.py:764] - Harmonic analysis failed: mean(): could not infer output dtype. Input dtype must be either a floating point or complex dtype. Got: Long
2025-01-05 18:10:08,185 - services.diagnostics.spectral_analysis - ERROR - [spectral_analysis.py:764] - Harmonic analysis failed: mean(): could not infer output dtype. Input dtype must be either a floating point or complex dtype. Got: Long
2025-01-05 18:10:08,192 - services.diagnostics.spectral_analysis - ERROR - [spectral_analysis.py:764] - Harmonic analysis failed: mean(): could not infer output dtype. Input dtype must be either a floating point or complex dtype. Got: Long
2025-01-05 18:10:08,199 - services.diagnostics.spectral_analysis - ERROR - [spectral_analysis.py:764] - Harmonic analysis failed: mean(): could not infer output dtype. Input dtype must be either a floating point or complex dtype. Got: Long
2025-01-05 18:10:08,206 - services.diagnostics.spectral_analysis - ERROR - [spectral_analysis.py:764] - Harmonic analysis failed: mean(): could not infer output dtype. Input dtype must be either a floating point or complex dtype. Got: Long
2025-01-05 18:10:56,714 - services.diagnostics.spectral_analysis - ERROR - [spectral_analysis.py:764] - Harmonic analysis failed: mean(): could not infer output dtype. Input dtype must be either a floating point or complex dtype. Got: Long
2025-01-05 18:10:56,723 - services.diagnostics.spectral_analysis - ERROR - [spectral_analysis.py:764] - Harmonic analysis failed: mean(): could not infer output dtype. Input dtype must be either a floating point or complex dtype. Got: Long
2025-01-05 18:10:56,731 - services.diagnostics.spectral_analysis - ERROR - [spectral_analysis.py:764] - Harmonic analysis failed: mean(): could not infer output dtype. Input dtype must be either a floating point or complex dtype. Got: Long
2025-01-05 18:10:56,740 - services.diagnostics.spectral_analysis - ERROR - [spectral_analysis.py:764] - Harmonic analysis failed: mean(): could not infer output dtype. Input dtype must be either a floating point or complex dtype. Got: Long
2025-01-05 18:29:38,952 - services.diagnostics.spectral_analysis - ERROR - [spectral_analysis.py:764] - Harmonic analysis failed: mean(): could not infer output dtype. Input dtype must be either a floating point or complex dtype. Got: Long
2025-01-05 18:29:38,963 - services.diagnostics.spectral_analysis - ERROR - [spectral_analysis.py:764] - Harmonic analysis failed: mean(): could not infer output dtype. Input dtype must be either a floating point or complex dtype. Got: Long
2025-01-05 18:29:38,971 - services.diagnostics.spectral_analysis - ERROR - [spectral_analysis.py:764] - Harmonic analysis failed: mean(): could not infer output dtype. Input dtype must be either a floating point or complex dtype. Got: Long
2025-01-05 18:29:38,979 - services.diagnostics.spectral_analysis - ERROR - [spectral_analysis.py:764] - Harmonic analysis failed: mean(): could not infer output dtype. Input dtype must be either a floating point or complex dtype. Got: Long
2025-01-05 18:29:39,464 - services.diagnostics.spectral_analysis - ERROR - [spectral_analysis.py:764] - Harmonic analysis failed: mean(): could not infer output dtype. Input dtype must be either a floating point or complex dtype. Got: Long
2025-01-05 18:29:39,470 - services.diagnostics.spectral_analysis - ERROR - [spectral_analysis.py:764] - Harmonic analysis failed: mean(): could not infer output dtype. Input dtype must be either a floating point or complex dtype. Got: Long
2025-01-05 18:29:39,480 - services.diagnostics.spectral_analysis - ERROR - [spectral_analysis.py:764] - Harmonic analysis failed: mean(): could not infer output dtype. Input dtype must be either a floating point or complex dtype. Got: Long
2025-01-05 18:29:39,489 - services.diagnostics.spectral_analysis - ERROR - [spectral_analysis.py:764] - Harmonic analysis failed: mean(): could not infer output dtype. Input dtype must be either a floating point or complex dtype. Got: Long
2025-01-05 18:30:30,387 - __main__ - ERROR - [app.py:538] - Translation error: index out of range in self
2025-01-05 18:33:38,440 - services.diagnostics.spectral_analysis - ERROR - [spectral_analysis.py:764] - Harmonic analysis failed: mean(): could not infer output dtype. Input dtype must be either a floating point or complex dtype. Got: Long
2025-01-05 18:33:38,447 - services.diagnostics.spectral_analysis - ERROR - [spectral_analysis.py:764] - Harmonic analysis failed: mean(): could not infer output dtype. Input dtype must be either a floating point or complex dtype. Got: Long
2025-01-05 18:33:38,454 - services.diagnostics.spectral_analysis - ERROR - [spectral_analysis.py:764] - Harmonic analysis failed: mean(): could not infer output dtype. Input dtype must be either a floating point or complex dtype. Got: Long
2025-01-05 18:33:38,462 - services.diagnostics.spectral_analysis - ERROR - [spectral_analysis.py:764] - Harmonic analysis failed: mean(): could not infer output dtype. Input dtype must be either a floating point or complex dtype. Got: Long
2025-01-05 18:33:38,948 - services.diagnostics.spectral_analysis - ERROR - [spectral_analysis.py:764] - Harmonic analysis failed: mean(): could not infer output dtype. Input dtype must be either a floating point or complex dtype. Got: Long
2025-01-05 18:33:38,954 - services.diagnostics.spectral_analysis - ERROR - [spectral_analysis.py:764] - Harmonic analysis failed: mean(): could not infer output dtype. Input dtype must be either a floating point or complex dtype. Got: Long
2025-01-05 18:33:38,962 - services.diagnostics.spectral_analysis - ERROR - [spectral_analysis.py:764] - Harmonic analysis failed: mean(): could not infer output dtype. Input dtype must be either a floating point or complex dtype. Got: Long
2025-01-05 18:33:38,969 - services.diagnostics.spectral_analysis - ERROR - [spectral_analysis.py:764] - Harmonic analysis failed: mean(): could not infer output dtype. Input dtype must be either a floating point or complex dtype. Got: Long
2025-01-05 18:34:32,278 - services.diagnostics.spectral_analysis - ERROR - [spectral_analysis.py:764] - Harmonic analysis failed: mean(): could not infer output dtype. Input dtype must be either a floating point or complex dtype. Got: Long
2025-01-05 18:34:32,283 - services.diagnostics.spectral_analysis - ERROR - [spectral_analysis.py:764] - Harmonic analysis failed: mean(): could not infer output dtype. Input dtype must be either a floating point or complex dtype. Got: Long
2025-01-05 18:34:32,291 - services.diagnostics.spectral_analysis - ERROR - [spectral_analysis.py:764] - Harmonic analysis failed: mean(): could not infer output dtype. Input dtype must be either a floating point or complex dtype. Got: Long
2025-01-05 18:34:32,297 - services.diagnostics.spectral_analysis - ERROR - [spectral_analysis.py:764] - Harmonic analysis failed: mean(): could not infer output dtype. Input dtype must be either a floating point or complex dtype. Got: Long
2025-01-05 18:42:35,456 - services.diagnostics.spectral_analysis - ERROR - [spectral_analysis.py:764] - Harmonic analysis failed: mean(): could not infer output dtype. Input dtype must be either a floating point or complex dtype. Got: Long
2025-01-05 18:42:35,463 - services.diagnostics.spectral_analysis - ERROR - [spectral_analysis.py:764] - Harmonic analysis failed: mean(): could not infer output dtype. Input dtype must be either a floating point or complex dtype. Got: Long
2025-01-05 18:42:35,471 - services.diagnostics.spectral_analysis - ERROR - [spectral_analysis.py:764] - Harmonic analysis failed: mean(): could not infer output dtype. Input dtype must be either a floating point or complex dtype. Got: Long
2025-01-05 18:42:35,480 - services.diagnostics.spectral_analysis - ERROR - [spectral_analysis.py:764] - Harmonic analysis failed: mean(): could not infer output dtype. Input dtype must be either a floating point or complex dtype. Got: Long
2025-01-05 18:42:35,972 - services.diagnostics.spectral_analysis - ERROR - [spectral_analysis.py:764] - Harmonic analysis failed: mean(): could not infer output dtype. Input dtype must be either a floating point or complex dtype. Got: Long
2025-01-05 18:42:35,981 - services.diagnostics.spectral_analysis - ERROR - [spectral_analysis.py:764] - Harmonic analysis failed: mean(): could not infer output dtype. Input dtype must be either a floating point or complex dtype. Got: Long
2025-01-05 18:42:35,990 - services.diagnostics.spectral_analysis - ERROR - [spectral_analysis.py:764] - Harmonic analysis failed: mean(): could not infer output dtype. Input dtype must be either a floating point or complex dtype. Got: Long
2025-01-05 18:42:35,998 - services.diagnostics.spectral_analysis - ERROR - [spectral_analysis.py:764] - Harmonic analysis failed: mean(): could not infer output dtype. Input dtype must be either a floating point or complex dtype. Got: Long
2025-01-05 18:43:28,182 - services.diagnostics.spectral_analysis - ERROR - [spectral_analysis.py:764] - Harmonic analysis failed: mean(): could not infer output dtype. Input dtype must be either a floating point or complex dtype. Got: Long
2025-01-05 18:43:28,194 - services.diagnostics.spectral_analysis - ERROR - [spectral_analysis.py:764] - Harmonic analysis failed: mean(): could not infer output dtype. Input dtype must be either a floating point or complex dtype. Got: Long
2025-01-05 18:43:28,206 - services.diagnostics.spectral_analysis - ERROR - [spectral_analysis.py:764] - Harmonic analysis failed: mean(): could not infer output dtype. Input dtype must be either a floating point or complex dtype. Got: Long
2025-01-05 18:43:28,216 - services.diagnostics.spectral_analysis - ERROR - [spectral_analysis.py:764] - Harmonic analysis failed: mean(): could not infer output dtype. Input dtype must be either a floating point or complex dtype. Got: Long
2025-01-05 19:02:38,902 - services.diagnostics.spectral_analysis - ERROR - [spectral_analysis.py:764] - Harmonic analysis failed: mean(): could not infer output dtype. Input dtype must be either a floating point or complex dtype. Got: Long
2025-01-05 19:02:38,911 - services.diagnostics.spectral_analysis - ERROR - [spectral_analysis.py:764] - Harmonic analysis failed: mean(): could not infer output dtype. Input dtype must be either a floating point or complex dtype. Got: Long
2025-01-05 19:02:38,919 - services.diagnostics.spectral_analysis - ERROR - [spectral_analysis.py:764] - Harmonic analysis failed: mean(): could not infer output dtype. Input dtype must be either a floating point or complex dtype. Got: Long
2025-01-05 19:02:38,926 - services.diagnostics.spectral_analysis - ERROR - [spectral_analysis.py:764] - Harmonic analysis failed: mean(): could not infer output dtype. Input dtype must be either a floating point or complex dtype. Got: Long
2025-01-05 19:02:39,412 - services.diagnostics.spectral_analysis - ERROR - [spectral_analysis.py:764] - Harmonic analysis failed: mean(): could not infer output dtype. Input dtype must be either a floating point or complex dtype. Got: Long
2025-01-05 19:02:39,418 - services.diagnostics.spectral_analysis - ERROR - [spectral_analysis.py:764] - Harmonic analysis failed: mean(): could not infer output dtype. Input dtype must be either a floating point or complex dtype. Got: Long
2025-01-05 19:02:39,428 - services.diagnostics.spectral_analysis - ERROR - [spectral_analysis.py:764] - Harmonic analysis failed: mean(): could not infer output dtype. Input dtype must be either a floating point or complex dtype. Got: Long
2025-01-05 19:02:39,435 - services.diagnostics.spectral_analysis - ERROR - [spectral_analysis.py:764] - Harmonic analysis failed: mean(): could not infer output dtype. Input dtype must be either a floating point or complex dtype. Got: Long
2025-01-05 19:03:30,831 - services.diagnostics.spectral_analysis - ERROR - [spectral_analysis.py:764] - Harmonic analysis failed: mean(): could not infer output dtype. Input dtype must be either a floating point or complex dtype. Got: Long
2025-01-05 19:03:30,835 - services.diagnostics.spectral_analysis - ERROR - [spectral_analysis.py:764] - Harmonic analysis failed: mean(): could not infer output dtype. Input dtype must be either a floating point or complex dtype. Got: Long
2025-01-05 19:03:30,842 - services.diagnostics.spectral_analysis - ERROR - [spectral_analysis.py:764] - Harmonic analysis failed: mean(): could not infer output dtype. Input dtype must be either a floating point or complex dtype. Got: Long
2025-01-05 19:03:30,851 - services.diagnostics.spectral_analysis - ERROR - [spectral_analysis.py:764] - Harmonic analysis failed: mean(): could not infer output dtype. Input dtype must be either a floating point or complex dtype. Got: Long
2025-01-05 23:16:26,264 - services.diagnostics.spectral_analysis - ERROR - [spectral_analysis.py:764] - Harmonic analysis failed: mean(): could not infer output dtype. Input dtype must be either a floating point or complex dtype. Got: Long
2025-01-05 23:16:26,273 - services.diagnostics.spectral_analysis - ERROR - [spectral_analysis.py:764] - Harmonic analysis failed: mean(): could not infer output dtype. Input dtype must be either a floating point or complex dtype. Got: Long
2025-01-05 23:16:26,280 - services.diagnostics.spectral_analysis - ERROR - [spectral_analysis.py:764] - Harmonic analysis failed: mean(): could not infer output dtype. Input dtype must be either a floating point or complex dtype. Got: Long
2025-01-05 23:16:26,286 - services.diagnostics.spectral_analysis - ERROR - [spectral_analysis.py:764] - Harmonic analysis failed: mean(): could not infer output dtype. Input dtype must be either a floating point or complex dtype. Got: Long
2025-01-05 23:16:26,779 - services.diagnostics.spectral_analysis - ERROR - [spectral_analysis.py:764] - Harmonic analysis failed: mean(): could not infer output dtype. Input dtype must be either a floating point or complex dtype. Got: Long
2025-01-05 23:16:26,786 - services.diagnostics.spectral_analysis - ERROR - [spectral_analysis.py:764] - Harmonic analysis failed: mean(): could not infer output dtype. Input dtype must be either a floating point or complex dtype. Got: Long
2025-01-05 23:16:26,793 - services.diagnostics.spectral_analysis - ERROR - [spectral_analysis.py:764] - Harmonic analysis failed: mean(): could not infer output dtype. Input dtype must be either a floating point or complex dtype. Got: Long
2025-01-05 23:16:26,801 - services.diagnostics.spectral_analysis - ERROR - [spectral_analysis.py:764] - Harmonic analysis failed: mean(): could not infer output dtype. Input dtype must be either a floating point or complex dtype. Got: Long
2025-01-05 23:17:18,426 - services.diagnostics.spectral_analysis - ERROR - [spectral_analysis.py:764] - Harmonic analysis failed: mean(): could not infer output dtype. Input dtype must be either a floating point or complex dtype. Got: Long
2025-01-05 23:17:18,432 - services.diagnostics.spectral_analysis - ERROR - [spectral_analysis.py:764] - Harmonic analysis failed: mean(): could not infer output dtype. Input dtype must be either a floating point or complex dtype. Got: Long
2025-01-05 23:17:18,440 - services.diagnostics.spectral_analysis - ERROR - [spectral_analysis.py:764] - Harmonic analysis failed: mean(): could not infer output dtype. Input dtype must be either a floating point or complex dtype. Got: Long
2025-01-05 23:17:18,447 - services.diagnostics.spectral_analysis - ERROR - [spectral_analysis.py:764] - Harmonic analysis failed: mean(): could not infer output dtype. Input dtype must be either a floating point or complex dtype. Got: Long
2025-01-05 23:18:29,315 - services.diagnostics.spectral_analysis - ERROR - [spectral_analysis.py:764] - Harmonic analysis failed: mean(): could not infer output dtype. Input dtype must be either a floating point or complex dtype. Got: Long
2025-01-05 23:18:29,323 - services.diagnostics.spectral_analysis - ERROR - [spectral_analysis.py:764] - Harmonic analysis failed: mean(): could not infer output dtype. Input dtype must be either a floating point or complex dtype. Got: Long
2025-01-05 23:18:29,332 - services.diagnostics.spectral_analysis - ERROR - [spectral_analysis.py:764] - Harmonic analysis failed: mean(): could not infer output dtype. Input dtype must be either a floating point or complex dtype. Got: Long
2025-01-05 23:18:29,339 - services.diagnostics.spectral_analysis - ERROR - [spectral_analysis.py:764] - Harmonic analysis failed: mean(): could not infer output dtype. Input dtype must be either a floating point or complex dtype. Got: Long
2025-01-05 23:18:29,792 - services.diagnostics.language_analysis.italian - ERROR - [italian.py:138] - Italian consonant analysis failed: 'ItalianAnalyzer' object has no attribute '_analyze_plosives'
2025-01-05 23:18:29,794 - services.diagnostics.language_analysis.italian - ERROR - [italian.py:184] - Italian stress analysis failed: 'ItalianAnalyzer' object has no attribute '_find_stress_peaks'
2025-01-05 23:18:29,795 - services.diagnostics.language_analysis.italian - ERROR - [italian.py:214] - Italian intonation analysis failed: 'ItalianAnalyzer' object has no attribute '_extract_pitch_contour'
2025-01-05 23:18:29,841 - services.diagnostics.spectral_analysis - ERROR - [spectral_analysis.py:764] - Harmonic analysis failed: mean(): could not infer output dtype. Input dtype must be either a floating point or complex dtype. Got: Long
2025-01-05 23:18:29,847 - services.diagnostics.spectral_analysis - ERROR - [spectral_analysis.py:764] - Harmonic analysis failed: mean(): could not infer output dtype. Input dtype must be either a floating point or complex dtype. Got: Long
2025-01-05 23:18:29,855 - services.diagnostics.spectral_analysis - ERROR - [spectral_analysis.py:764] - Harmonic analysis failed: mean(): could not infer output dtype. Input dtype must be either a floating point or complex dtype. Got: Long
2025-01-05 23:18:29,861 - services.diagnostics.spectral_analysis - ERROR - [spectral_analysis.py:764] - Harmonic analysis failed: mean(): could not infer output dtype. Input dtype must be either a floating point or complex dtype. Got: Long
2025-01-05 23:18:30,298 - services.diagnostics.language_analysis.italian - ERROR - [italian.py:138] - Italian consonant analysis failed: 'ItalianAnalyzer' object has no attribute '_analyze_plosives'
2025-01-05 23:18:30,300 - services.diagnostics.language_analysis.italian - ERROR - [italian.py:184] - Italian stress analysis failed: 'ItalianAnalyzer' object has no attribute '_find_stress_peaks'
2025-01-05 23:18:30,300 - services.diagnostics.language_analysis.italian - ERROR - [italian.py:214] - Italian intonation analysis failed: 'ItalianAnalyzer' object has no attribute '_extract_pitch_contour'
2025-01-05 23:19:26,491 - services.diagnostics.spectral_analysis - ERROR - [spectral_analysis.py:764] - Harmonic analysis failed: mean(): could not infer output dtype. Input dtype must be either a floating point or complex dtype. Got: Long
2025-01-05 23:19:26,496 - services.diagnostics.spectral_analysis - ERROR - [spectral_analysis.py:764] - Harmonic analysis failed: mean(): could not infer output dtype. Input dtype must be either a floating point or complex dtype. Got: Long
2025-01-05 23:19:26,505 - services.diagnostics.spectral_analysis - ERROR - [spectral_analysis.py:764] - Harmonic analysis failed: mean(): could not infer output dtype. Input dtype must be either a floating point or complex dtype. Got: Long
2025-01-05 23:19:26,511 - services.diagnostics.spectral_analysis - ERROR - [spectral_analysis.py:764] - Harmonic analysis failed: mean(): could not infer output dtype. Input dtype must be either a floating point or complex dtype. Got: Long
2025-01-05 23:19:26,816 - services.diagnostics.language_analysis.italian - ERROR - [italian.py:138] - Italian consonant analysis failed: 'ItalianAnalyzer' object has no attribute '_analyze_plosives'
2025-01-05 23:19:26,817 - services.diagnostics.language_analysis.italian - ERROR - [italian.py:184] - Italian stress analysis failed: 'ItalianAnalyzer' object has no attribute '_find_stress_peaks'
2025-01-05 23:19:26,818 - services.diagnostics.language_analysis.italian - ERROR - [italian.py:214] - Italian intonation analysis failed: 'ItalianAnalyzer' object has no attribute '_extract_pitch_contour'
2025-01-05 23:28:51,985 - services.diagnostics.spectral_analysis - ERROR - [spectral_analysis.py:764] - Harmonic analysis failed: mean(): could not infer output dtype. Input dtype must be either a floating point or complex dtype. Got: Long
2025-01-05 23:28:52,078 - services.diagnostics.spectral_analysis - ERROR - [spectral_analysis.py:764] - Harmonic analysis failed: mean(): could not infer output dtype. Input dtype must be either a floating point or complex dtype. Got: Long
2025-01-05 23:28:52,163 - services.diagnostics.spectral_analysis - ERROR - [spectral_analysis.py:764] - Harmonic analysis failed: mean(): could not infer output dtype. Input dtype must be either a floating point or complex dtype. Got: Long
2025-01-05 23:28:52,246 - services.diagnostics.spectral_analysis - ERROR - [spectral_analysis.py:764] - Harmonic analysis failed: mean(): could not infer output dtype. Input dtype must be either a floating point or complex dtype. Got: Long
2025-01-05 23:28:59,140 - services.diagnostics.spectral_analysis - ERROR - [spectral_analysis.py:764] - Harmonic analysis failed: mean(): could not infer output dtype. Input dtype must be either a floating point or complex dtype. Got: Long
2025-01-05 23:28:59,232 - services.diagnostics.spectral_analysis - ERROR - [spectral_analysis.py:764] - Harmonic analysis failed: mean(): could not infer output dtype. Input dtype must be either a floating point or complex dtype. Got: Long
2025-01-05 23:28:59,319 - services.diagnostics.spectral_analysis - ERROR - [spectral_analysis.py:764] - Harmonic analysis failed: mean(): could not infer output dtype. Input dtype must be either a floating point or complex dtype. Got: Long
2025-01-05 23:28:59,400 - services.diagnostics.spectral_analysis - ERROR - [spectral_analysis.py:764] - Harmonic analysis failed: mean(): could not infer output dtype. Input dtype must be either a floating point or complex dtype. Got: Long
2025-01-05 23:47:29,117 - services.diagnostics.spectral_analysis - ERROR - [spectral_analysis.py:764] - Harmonic analysis failed: mean(): could not infer output dtype. Input dtype must be either a floating point or complex dtype. Got: Long
2025-01-05 23:47:29,135 - services.diagnostics.spectral_analysis - ERROR - [spectral_analysis.py:764] - Harmonic analysis failed: mean(): could not infer output dtype. Input dtype must be either a floating point or complex dtype. Got: Long
2025-01-05 23:47:29,150 - services.diagnostics.spectral_analysis - ERROR - [spectral_analysis.py:764] - Harmonic analysis failed: mean(): could not infer output dtype. Input dtype must be either a floating point or complex dtype. Got: Long
2025-01-05 23:47:29,158 - services.diagnostics.spectral_analysis - ERROR - [spectral_analysis.py:764] - Harmonic analysis failed: mean(): could not infer output dtype. Input dtype must be either a floating point or complex dtype. Got: Long
2025-01-05 23:47:29,648 - services.diagnostics.spectral_analysis - ERROR - [spectral_analysis.py:764] - Harmonic analysis failed: mean(): could not infer output dtype. Input dtype must be either a floating point or complex dtype. Got: Long
2025-01-05 23:47:29,654 - services.diagnostics.spectral_analysis - ERROR - [spectral_analysis.py:764] - Harmonic analysis failed: mean(): could not infer output dtype. Input dtype must be either a floating point or complex dtype. Got: Long
2025-01-05 23:47:29,661 - services.diagnostics.spectral_analysis - ERROR - [spectral_analysis.py:764] - Harmonic analysis failed: mean(): could not infer output dtype. Input dtype must be either a floating point or complex dtype. Got: Long
2025-01-05 23:47:29,669 - services.diagnostics.spectral_analysis - ERROR - [spectral_analysis.py:764] - Harmonic analysis failed: mean(): could not infer output dtype. Input dtype must be either a floating point or complex dtype. Got: Long
2025-01-05 23:48:20,310 - services.diagnostics.spectral_analysis - ERROR - [spectral_analysis.py:764] - Harmonic analysis failed: mean(): could not infer output dtype. Input dtype must be either a floating point or complex dtype. Got: Long
2025-01-05 23:48:20,315 - services.diagnostics.spectral_analysis - ERROR - [spectral_analysis.py:764] - Harmonic analysis failed: mean(): could not infer output dtype. Input dtype must be either a floating point or complex dtype. Got: Long
2025-01-05 23:48:20,323 - services.diagnostics.spectral_analysis - ERROR - [spectral_analysis.py:764] - Harmonic analysis failed: mean(): could not infer output dtype. Input dtype must be either a floating point or complex dtype. Got: Long
2025-01-05 23:48:20,329 - services.diagnostics.spectral_analysis - ERROR - [spectral_analysis.py:764] - Harmonic analysis failed: mean(): could not infer output dtype. Input dtype must be either a floating point or complex dtype. Got: Long
2025-01-05 23:49:59,890 - services.diagnostics.spectral_analysis - ERROR - [spectral_analysis.py:764] - Harmonic analysis failed: mean(): could not infer output dtype. Input dtype must be either a floating point or complex dtype. Got: Long
2025-01-05 23:49:59,896 - services.diagnostics.spectral_analysis - ERROR - [spectral_analysis.py:764] - Harmonic analysis failed: mean(): could not infer output dtype. Input dtype must be either a floating point or complex dtype. Got: Long
2025-01-05 23:49:59,905 - services.diagnostics.spectral_analysis - ERROR - [spectral_analysis.py:764] - Harmonic analysis failed: mean(): could not infer output dtype. Input dtype must be either a floating point or complex dtype. Got: Long
2025-01-05 23:49:59,917 - services.diagnostics.spectral_analysis - ERROR - [spectral_analysis.py:764] - Harmonic analysis failed: mean(): could not infer output dtype. Input dtype must be either a floating point or complex dtype. Got: Long
2025-01-05 23:50:00,375 - services.diagnostics.language_analysis.italian - ERROR - [italian.py:138] - Italian consonant analysis failed: 'ItalianAnalyzer' object has no attribute '_analyze_plosives'
2025-01-05 23:50:00,378 - services.diagnostics.language_analysis.italian - ERROR - [italian.py:184] - Italian stress analysis failed: 'ItalianAnalyzer' object has no attribute '_find_stress_peaks'
2025-01-05 23:50:00,378 - services.diagnostics.language_analysis.italian - ERROR - [italian.py:214] - Italian intonation analysis failed: 'ItalianAnalyzer' object has no attribute '_extract_pitch_contour'
2025-01-05 23:50:00,424 - services.diagnostics.spectral_analysis - ERROR - [spectral_analysis.py:764] - Harmonic analysis failed: mean(): could not infer output dtype. Input dtype must be either a floating point or complex dtype. Got: Long
2025-01-05 23:50:00,430 - services.diagnostics.spectral_analysis - ERROR - [spectral_analysis.py:764] - Harmonic analysis failed: mean(): could not infer output dtype. Input dtype must be either a floating point or complex dtype. Got: Long
2025-01-05 23:50:00,438 - services.diagnostics.spectral_analysis - ERROR - [spectral_analysis.py:764] - Harmonic analysis failed: mean(): could not infer output dtype. Input dtype must be either a floating point or complex dtype. Got: Long
2025-01-05 23:50:00,447 - services.diagnostics.spectral_analysis - ERROR - [spectral_analysis.py:764] - Harmonic analysis failed: mean(): could not infer output dtype. Input dtype must be either a floating point or complex dtype. Got: Long
2025-01-05 23:50:00,885 - services.diagnostics.language_analysis.italian - ERROR - [italian.py:138] - Italian consonant analysis failed: 'ItalianAnalyzer' object has no attribute '_analyze_plosives'
2025-01-05 23:50:00,887 - services.diagnostics.language_analysis.italian - ERROR - [italian.py:184] - Italian stress analysis failed: 'ItalianAnalyzer' object has no attribute '_find_stress_peaks'
2025-01-05 23:50:00,887 - services.diagnostics.language_analysis.italian - ERROR - [italian.py:214] - Italian intonation analysis failed: 'ItalianAnalyzer' object has no attribute '_extract_pitch_contour'
2025-01-05 23:50:53,002 - services.diagnostics.spectral_analysis - ERROR - [spectral_analysis.py:764] - Harmonic analysis failed: mean(): could not infer output dtype. Input dtype must be either a floating point or complex dtype. Got: Long
2025-01-05 23:50:53,009 - services.diagnostics.spectral_analysis - ERROR - [spectral_analysis.py:764] - Harmonic analysis failed: mean(): could not infer output dtype. Input dtype must be either a floating point or complex dtype. Got: Long
2025-01-05 23:50:53,015 - services.diagnostics.spectral_analysis - ERROR - [spectral_analysis.py:764] - Harmonic analysis failed: mean(): could not infer output dtype. Input dtype must be either a floating point or complex dtype. Got: Long
2025-01-05 23:50:53,023 - services.diagnostics.spectral_analysis - ERROR - [spectral_analysis.py:764] - Harmonic analysis failed: mean(): could not infer output dtype. Input dtype must be either a floating point or complex dtype. Got: Long
2025-01-05 23:50:53,285 - services.diagnostics.language_analysis.italian - ERROR - [italian.py:138] - Italian consonant analysis failed: 'ItalianAnalyzer' object has no attribute '_analyze_plosives'
2025-01-05 23:50:53,287 - services.diagnostics.language_analysis.italian - ERROR - [italian.py:184] - Italian stress analysis failed: 'ItalianAnalyzer' object has no attribute '_find_stress_peaks'
2025-01-05 23:50:53,288 - services.diagnostics.language_analysis.italian - ERROR - [italian.py:214] - Italian intonation analysis failed: 'ItalianAnalyzer' object has no attribute '_extract_pitch_contour'
2025-01-06 00:11:20,955 - services.diagnostics.spectral_analysis - ERROR - [spectral_analysis.py:764] - Harmonic analysis failed: mean(): could not infer output dtype. Input dtype must be either a floating point or complex dtype. Got: Long
2025-01-06 00:11:20,961 - services.diagnostics.spectral_analysis - ERROR - [spectral_analysis.py:764] - Harmonic analysis failed: mean(): could not infer output dtype. Input dtype must be either a floating point or complex dtype. Got: Long
2025-01-06 00:11:20,968 - services.diagnostics.spectral_analysis - ERROR - [spectral_analysis.py:764] - Harmonic analysis failed: mean(): could not infer output dtype. Input dtype must be either a floating point or complex dtype. Got: Long
2025-01-06 00:11:20,975 - services.diagnostics.spectral_analysis - ERROR - [spectral_analysis.py:764] - Harmonic analysis failed: mean(): could not infer output dtype. Input dtype must be either a floating point or complex dtype. Got: Long
2025-01-06 00:11:21,491 - services.diagnostics.spectral_analysis - ERROR - [spectral_analysis.py:764] - Harmonic analysis failed: mean(): could not infer output dtype. Input dtype must be either a floating point or complex dtype. Got: Long
2025-01-06 00:11:21,506 - services.diagnostics.spectral_analysis - ERROR - [spectral_analysis.py:764] - Harmonic analysis failed: mean(): could not infer output dtype. Input dtype must be either a floating point or complex dtype. Got: Long
2025-01-06 00:11:21,517 - services.diagnostics.spectral_analysis - ERROR - [spectral_analysis.py:764] - Harmonic analysis failed: mean(): could not infer output dtype. Input dtype must be either a floating point or complex dtype. Got: Long
2025-01-06 00:11:21,526 - services.diagnostics.spectral_analysis - ERROR - [spectral_analysis.py:764] - Harmonic analysis failed: mean(): could not infer output dtype. Input dtype must be either a floating point or complex dtype. Got: Long
2025-01-06 00:12:19,154 - services.diagnostics.spectral_analysis - ERROR - [spectral_analysis.py:764] - Harmonic analysis failed: mean(): could not infer output dtype. Input dtype must be either a floating point or complex dtype. Got: Long
2025-01-06 00:12:19,165 - services.diagnostics.spectral_analysis - ERROR - [spectral_analysis.py:764] - Harmonic analysis failed: mean(): could not infer output dtype. Input dtype must be either a floating point or complex dtype. Got: Long
2025-01-06 00:12:19,175 - services.diagnostics.spectral_analysis - ERROR - [spectral_analysis.py:764] - Harmonic analysis failed: mean(): could not infer output dtype. Input dtype must be either a floating point or complex dtype. Got: Long
2025-01-06 00:12:19,185 - services.diagnostics.spectral_analysis - ERROR - [spectral_analysis.py:764] - Harmonic analysis failed: mean(): could not infer output dtype. Input dtype must be either a floating point or complex dtype. Got: Long
